# JRE version: 7.0_25-b15
# Java VM: Java HotSpot(TM) 64-Bit Server VM (23.25-b01 mixed mode bsd-amd64 compressed oops)
Heap
 PSYoungGen      total 134272K, used 8720K [0x00000007f5560000, 0x0000000800000000, 0x0000000800000000)
  eden space 92672K, 0% used [0x00000007f5560000,0x00000007f5560000,0x00000007fafe0000)
  from space 41600K, 20% used [0x00000007fd760000,0x00000007fdfe4030,0x0000000800000000)
  to   space 40448K, 0% used [0x00000007fafe0000,0x00000007fafe0000,0x00000007fd760000)
 ParOldGen       total 156992K, used 142049K [0x00000007e0000000, 0x00000007e9950000, 0x00000007f5560000)
  object space 156992K, 90% used [0x00000007e0000000,0x00000007e8ab8658,0x00000007e9950000)
 PSPermGen       total 153472K, used 119205K [0x00000007a0000000, 0x00000007a95e0000, 0x00000007e0000000)
  object space 153472K, 77% used [0x00000007a0000000,0x00000007a7469510,0x00000007a95e0000)
GC Heap History (10 events):
Event: 172.552 GC heap after
Heap after GC invocations=119 (full 3):
 PSYoungGen      total 129664K, used 22376K [0x00000007f5560000, 0x0000000800000000, 0x0000000800000000)
  eden space 107264K, 0% used [0x00000007f5560000,0x00000007f5560000,0x00000007fbe20000)
  from space 22400K, 99% used [0x00000007fea20000,0x00000007ffffa140,0x0000000800000000)
  to   space 33728K, 0% used [0x00000007fbe20000,0x00000007fbe20000,0x00000007fdf10000)
 ParOldGen       total 156992K, used 121561K [0x00000007e0000000, 0x00000007e9950000, 0x00000007f5560000)
  object space 156992K, 77% used [0x00000007e0000000,0x00000007e76b65d8,0x00000007e9950000)
 PSPermGen       total 153472K, used 111698K [0x00000007a0000000, 0x00000007a95e0000, 0x00000007e0000000)
  object space 153472K, 72% used [0x00000007a0000000,0x00000007a6d14bb0,0x00000007a95e0000)
}
Event: 176.784 GC heap before
{Heap before GC invocations=120 (full 3):
 PSYoungGen      total 129664K, used 129640K [0x00000007f5560000, 0x0000000800000000, 0x0000000800000000)
  eden space 107264K, 100% used [0x00000007f5560000,0x00000007fbe20000,0x00000007fbe20000)
  from space 22400K, 99% used [0x00000007fea20000,0x00000007ffffa140,0x0000000800000000)
  to   space 33728K, 0% used [0x00000007fbe20000,0x00000007fbe20000,0x00000007fdf10000)
 ParOldGen       total 156992K, used 121561K [0x00000007e0000000, 0x00000007e9950000, 0x00000007f5560000)
  object space 156992K, 77% used [0x00000007e0000000,0x00000007e76b65d8,0x00000007e9950000)
 PSPermGen       total 153472K, used 113299K [0x00000007a0000000, 0x00000007a95e0000, 0x00000007e0000000)
  object space 153472K, 73% used [0x00000007a0000000,0x00000007a6ea4e28,0x00000007a95e0000)
Event: 177.063 GC heap after
Heap after GC invocations=120 (full 3):
 PSYoungGen      total 139200K, used 31879K [0x00000007f5560000, 0x0000000800000000, 0x0000000800000000)
  eden space 107264K, 0% used [0x00000007f5560000,0x00000007f5560000,0x00000007fbe20000)
  from space 31936K, 99% used [0x00000007fbe20000,0x00000007fdd41d10,0x00000007fdd50000)
  to   space 35520K, 0% used [0x00000007fdd50000,0x00000007fdd50000,0x0000000800000000)
 ParOldGen       total 156992K, used 122043K [0x00000007e0000000, 0x00000007e9950000, 0x00000007f5560000)
  object space 156992K, 77% used [0x00000007e0000000,0x00000007e772eef8,0x00000007e9950000)
 PSPermGen       total 153472K, used 113299K [0x00000007a0000000, 0x00000007a95e0000, 0x00000007e0000000)
  object space 153472K, 73% used [0x00000007a0000000,0x00000007a6ea4e28,0x00000007a95e0000)
}
Event: 180.150 GC heap before
{Heap before GC invocations=121 (full 3):
 PSYoungGen      total 139200K, used 139143K [0x00000007f5560000, 0x0000000800000000, 0x0000000800000000)
  eden space 107264K, 100% used [0x00000007f5560000,0x00000007fbe20000,0x00000007fbe20000)
  from space 31936K, 99% used [0x00000007fbe20000,0x00000007fdd41d10,0x00000007fdd50000)
  to   space 35520K, 0% used [0x00000007fdd50000,0x00000007fdd50000,0x0000000800000000)
 ParOldGen       total 156992K, used 122043K [0x00000007e0000000, 0x00000007e9950000, 0x00000007f5560000)
  object space 156992K, 77% used [0x00000007e0000000,0x00000007e772eef8,0x00000007e9950000)
 PSPermGen       total 153472K, used 115427K [0x00000007a0000000, 0x00000007a95e0000, 0x00000007e0000000)
  object space 153472K, 75% used [0x00000007a0000000,0x00000007a70b8c88,0x00000007a95e0000)
Event: 180.290 GC heap after
Heap after GC invocations=121 (full 3):
 PSYoungGen      total 127168K, used 28855K [0x00000007f5560000, 0x0000000800000000, 0x0000000800000000)
  eden space 91648K, 0% used [0x00000007f5560000,0x00000007f5560000,0x00000007faee0000)
  from space 35520K, 81% used [0x00000007fdd50000,0x00000007ff97dd20,0x0000000800000000)
  to   space 41536K, 0% used [0x00000007faee0000,0x00000007faee0000,0x00000007fd770000)
 ParOldGen       total 156992K, used 122355K [0x00000007e0000000, 0x00000007e9950000, 0x00000007f5560000)
  object space 156992K, 77% used [0x00000007e0000000,0x00000007e777cef8,0x00000007e9950000)
 PSPermGen       total 153472K, used 115427K [0x00000007a0000000, 0x00000007a95e0000, 0x00000007e0000000)
  object space 153472K, 75% used [0x00000007a0000000,0x00000007a70b8c88,0x00000007a95e0000)
}
Event: 182.047 GC heap before
{Heap before GC invocations=122 (full 3):
 PSYoungGen      total 127168K, used 120503K [0x00000007f5560000, 0x0000000800000000, 0x0000000800000000)
  eden space 91648K, 100% used [0x00000007f5560000,0x00000007faee0000,0x00000007faee0000)
  from space 35520K, 81% used [0x00000007fdd50000,0x00000007ff97dd20,0x0000000800000000)
  to   space 41536K, 0% used [0x00000007faee0000,0x00000007faee0000,0x00000007fd770000)
 ParOldGen       total 156992K, used 122355K [0x00000007e0000000, 0x00000007e9950000, 0x00000007f5560000)
  object space 156992K, 77% used [0x00000007e0000000,0x00000007e777cef8,0x00000007e9950000)
 PSPermGen       total 153472K, used 117430K [0x00000007a0000000, 0x00000007a95e0000, 0x00000007e0000000)
  object space 153472K, 76% used [0x00000007a0000000,0x00000007a72ada68,0x00000007a95e0000)
Event: 182.161 GC heap after
Heap after GC invocations=122 (full 3):
 PSYoungGen      total 114688K, used 23015K [0x00000007f5560000, 0x0000000800000000, 0x0000000800000000)
  eden space 91648K, 0% used [0x00000007f5560000,0x00000007f5560000,0x00000007faee0000)
  from space 23040K, 99% used [0x00000007faee0000,0x00000007fc559cc0,0x00000007fc560000)
  to   space 41600K, 0% used [0x00000007fd760000,0x00000007fd760000,0x0000000800000000)
 ParOldGen       total 156992K, used 127278K [0x00000007e0000000, 0x00000007e9950000, 0x00000007f5560000)
  object space 156992K, 81% used [0x00000007e0000000,0x00000007e7c4b868,0x00000007e9950000)
 PSPermGen       total 153472K, used 117430K [0x00000007a0000000, 0x00000007a95e0000, 0x00000007e0000000)
  object space 153472K, 76% used [0x00000007a0000000,0x00000007a72ada68,0x00000007a95e0000)
}
Event: 183.463 GC heap before
{Heap before GC invocations=123 (full 3):
 PSYoungGen      total 114688K, used 114663K [0x00000007f5560000, 0x0000000800000000, 0x0000000800000000)
  eden space 91648K, 100% used [0x00000007f5560000,0x00000007faee0000,0x00000007faee0000)
  from space 23040K, 99% used [0x00000007faee0000,0x00000007fc559cc0,0x00000007fc560000)
  to   space 41600K, 0% used [0x00000007fd760000,0x00000007fd760000,0x0000000800000000)
 ParOldGen       total 156992K, used 127278K [0x00000007e0000000, 0x00000007e9950000, 0x00000007f5560000)
  object space 156992K, 81% used [0x00000007e0000000,0x00000007e7c4b868,0x00000007e9950000)
 PSPermGen       total 153472K, used 119205K [0x00000007a0000000, 0x00000007a95e0000, 0x00000007e0000000)
  object space 153472K, 77% used [0x00000007a0000000,0x00000007a7469510,0x00000007a95e0000)
Event: 183.624 GC heap after
Heap after GC invocations=123 (full 3):
 PSYoungGen      total 134272K, used 8720K [0x00000007f5560000, 0x0000000800000000, 0x0000000800000000)
  eden space 92672K, 0% used [0x00000007f5560000,0x00000007f5560000,0x00000007fafe0000)
  from space 41600K, 20% used [0x00000007fd760000,0x00000007fdfe4030,0x0000000800000000)
  to   space 40448K, 0% used [0x00000007fafe0000,0x00000007fafe0000,0x00000007fd760000)
 ParOldGen       total 156992K, used 142049K [0x00000007e0000000, 0x00000007e9950000, 0x00000007f5560000)
  object space 156992K, 90% used [0x00000007e0000000,0x00000007e8ab8658,0x00000007e9950000)
 PSPermGen       total 153472K, used 119205K [0x00000007a0000000, 0x00000007a95e0000, 0x00000007e0000000)
  object space 153472K, 77% used [0x00000007a0000000,0x00000007a7469510,0x00000007a95e0000)
}
Event: 183.624 GC heap before
{Heap before GC invocations=124 (full 4):
 PSYoungGen      total 134272K, used 8720K [0x00000007f5560000, 0x0000000800000000, 0x0000000800000000)
  eden space 92672K, 0% used [0x00000007f5560000,0x00000007f5560000,0x00000007fafe0000)
  from space 41600K, 20% used [0x00000007fd760000,0x00000007fdfe4030,0x0000000800000000)
  to   space 40448K, 0% used [0x00000007fafe0000,0x00000007fafe0000,0x00000007fd760000)
 ParOldGen       total 156992K, used 142049K [0x00000007e0000000, 0x00000007e9950000, 0x00000007f5560000)
  object space 156992K, 90% used [0x00000007e0000000,0x00000007e8ab8658,0x00000007e9950000)
 PSPermGen       total 153472K, used 119205K [0x00000007a0000000, 0x00000007a95e0000, 0x00000007e0000000)
  object space 153472K, 77% used [0x00000007a0000000,0x00000007a7469510,0x00000007a95e0000)

